<?xml version="1.0" encoding="UTF-8"?>
<!-- Generated by org.testng.reporters.JUnitReportReporter -->
<testsuite skipped="0" hostname="HOCHNT" name="com.hochnt.core.test.RoleTest" tests="1" failures="0" timestamp="15 Jul 2018 08:20:11 GMT" time="0.008" errors="0">
  <testcase name="checkFindAll" time="0.008" classname="com.hochnt.core.test.RoleTest"/>
</testsuite> <!-- com.hochnt.core.test.RoleTest -->
